\BOOKMARK [1][-]{section.1}{\376\377\000R\000e\000s\000u\000m\000e\000n}{}% 1
\BOOKMARK [1][-]{section.2}{\376\377\000A\000b\000s\000t\000r\000a\000c\000t}{}% 2
\BOOKMARK [1][-]{section.3}{\376\377\000I\000n\000t\000r\000o\000d\000u\000c\000c\000i\000o\000n}{}% 3
\BOOKMARK [1][-]{section.4}{\376\377\000D\000e\000s\000a\000r\000r\000o\000l\000l\000o}{}% 4
\BOOKMARK [2][-]{subsection.4.1}{\376\377\000M\000L\000O\000p\000s}{section.4}% 5
\BOOKMARK [3][-]{subsubsection.4.1.1}{\376\377\000C\000o\000n\000c\000e\000p\000t\000o}{subsection.4.1}% 6
\BOOKMARK [3][-]{subsubsection.4.1.2}{\376\377\000C\000I\000C\000L\000O\000\040\000D\000E\000\040\000V\000I\000D\000A}{subsection.4.1}% 7
\BOOKMARK [3][-]{subsubsection.4.1.3}{\376\377\000\277\000P\000o\000r\000\040\000q\000u\000\351\000\040\000e\000m\000p\000e\000z\000a\000r\000\040\000a\000\040\000a\000p\000l\000i\000c\000a\000r\000\040\000M\000L\000O\000p\000s\000?}{subsection.4.1}% 8
\BOOKMARK [2][-]{subsection.4.2}{\376\377\000P\000r\000i\000n\000c\000i\000p\000i\000o\000s\000\040\000M\000L\000O\000p\000s}{section.4}% 9
\BOOKMARK [2][-]{subsection.4.3}{\376\377\000C\000o\000n\000t\000i\000n\000u\000a\000\040\000X}{section.4}% 10
\BOOKMARK [2][-]{subsection.4.4}{\376\377\000V\000e\000r\000s\000i\000o\000n\000a\000d\000o}{section.4}% 11
\BOOKMARK [2][-]{subsection.4.5}{\376\377\000P\000r\000u\000e\000b\000a\000s}{section.4}% 12
\BOOKMARK [2][-]{subsection.4.6}{\376\377\000V\000i\000g\000i\000l\000a\000n\000c\000i\000a}{section.4}% 13
\BOOKMARK [2][-]{subsection.4.7}{\376\377\000R\000e\000p\000r\000o\000d\000u\000c\000i\000b\000i\000l\000i\000d\000a\000d}{section.4}% 14
\BOOKMARK [2][-]{subsection.4.8}{\376\377\000P\000e\000r\000s\000o\000n\000a\000\040\000y\000\040\000r\000o\000l\000e\000s\000\040\000d\000e\000\040\000M\000L\000O\000p\000s}{section.4}% 15
\BOOKMARK [2][-]{subsection.4.9}{\376\377\000A\000r\000q\000u\000i\000t\000e\000c\000t\000u\000r\000a\000\040\000d\000e\000\040\000l\000a\000\040\000s\000o\000l\000u\000c\000i\000o\000n\000\040\000d\000e\000\040\000M\000L\000O\000p\000s}{section.4}% 16
\BOOKMARK [2][-]{subsection.4.10}{\376\377\000A\000r\000q\000u\000i\000t\000e\000c\000t\000u\000r\000a\000\040\000d\000e\000l\000\040\000s\000i\000s\000t\000e\000m\000a}{section.4}% 17
\BOOKMARK [2][-]{subsection.4.11}{\376\377\000A\000r\000q\000u\000i\000t\000e\000c\000t\000u\000r\000a\000\040\000d\000e\000\040\000p\000r\000o\000c\000e\000s\000a\000m\000i\000e\000n\000t\000o\000\040\000p\000o\000r\000\040\000l\000o\000t\000e\000s}{section.4}% 18
\BOOKMARK [1][-]{section.5}{\376\377\000C\000o\000n\000c\000l\000u\000s\000i\000o\000n\000e\000s}{}% 19
\BOOKMARK [1][-]{section.6}{\376\377\000R\000e\000c\000o\000m\000e\000n\000d\000a\000c\000i\000o\000n\000e\000s}{}% 20
