This is pdfTeX, Version 3.141592653-2.6-1.40.22 (MiKTeX 21.2) (preloaded format=pdflatex 2021.4.7)  4 JUL 2022 03:54
entering extended mode
**"c:/Users/CarlosM/Desktop/Inteligencia de Negocios/III UNIDAD/TrabajoGrupal_Mlops/MLops.tex"
(c:/Users/CarlosM/Desktop/Inteligencia de Negocios/III UNIDAD/TrabajoGrupal_Mlops/MLops.tex
LaTeX2e <2020-10-01> patch level 4
L3 programming layer <2021-02-18> xparse <2020-03-03> (C:\Program Files\MiKTeX\tex/latex/base\article.cls
Document Class: article 2020/04/10 v1.4m Standard LaTeX document class
(C:\Program Files\MiKTeX\tex/latex/base\size10.clo
File: size10.clo 2020/04/10 v1.4m Standard LaTeX file (size option)
)
\c@part=\count179
\c@section=\count180
\c@subsection=\count181
\c@subsubsection=\count182
\c@paragraph=\count183
\c@subparagraph=\count184
\c@figure=\count185
\c@table=\count186
\abovecaptionskip=\skip47
\belowcaptionskip=\skip48
\bibindent=\dimen138
) (C:\Program Files\MiKTeX\tex/latex/blindtext\blindtext.sty
Package: blindtext 2012/01/06 V2.0 blindtext-Package
 (C:\Program Files\MiKTeX\tex/latex/latex-tools\xspace.sty
Package: xspace 2014/10/28 v1.13 Space after command names (DPC,MH)
)
\c@blindtext=\count187
\c@Blindtext=\count188
\c@blind@countparstart=\count189
\blind@countxx=\count190
\blindtext@numBlindtext=\count191
\blind@countyy=\count192
\c@blindlist=\count193
\c@blindlistlevel=\count194
\c@blindlist@level=\count195
\blind@listitem=\count196
\c@blind@listcount=\count197
\c@blind@levelcount=\count198
\blind@mathformula=\count199
\blind@Mathformula=\count266
\c@blind@randomcount=\count267
\c@blind@randommax=\count268
\c@blind@pangramcount=\count269
\c@blind@pangrammax=\count270
) (C:\Program Files\MiKTeX\tex/latex/graphics\graphicx.sty
Package: graphicx 2020/09/09 v1.2b Enhanced LaTeX Graphics (DPC,SPQR)
 (C:\Program Files\MiKTeX\tex/latex/graphics\keyval.sty
Package: keyval 2014/10/28 v1.15 key=value parser (DPC)
\KV@toks@=\toks15
) (C:\Program Files\MiKTeX\tex/latex/graphics\graphics.sty
Package: graphics 2020/08/30 v1.4c Standard LaTeX Graphics (DPC,SPQR)
 (C:\Program Files\MiKTeX\tex/latex/graphics\trig.sty
Package: trig 2016/01/03 v1.10 sin cos tan (DPC)
) (C:\Program Files\MiKTeX\tex/latex/graphics-cfg\graphics.cfg
File: graphics.cfg 2016/06/04 v1.11 sample graphics configuration
)
Package graphics Info: Driver file: pdftex.def on input line 105.
 (C:\Program Files\MiKTeX\tex/latex/graphics-def\pdftex.def
File: pdftex.def 2020/10/05 v1.2a Graphics/color driver for pdftex
))
\Gin@req@height=\dimen139
\Gin@req@width=\dimen140
) (C:\Users\CarlosM\AppData\Roaming\MiKTeX\tex/latex/psnfss\mathpazo.sty
Package: mathpazo 2020/03/25 PSNFSS-v9.3 Palatino w/ Pazo Math (D.Puga, WaS) 
\symupright=\mathgroup4
) (C:\Program Files\MiKTeX\tex/latex/base\fontenc.sty
Package: fontenc 2020/08/10 v2.0s Standard LaTeX package
LaTeX Font Info:    Trying to load font information for T1+pplx on input line 112.
 (C:\Users\CarlosM\AppData\Roaming\MiKTeX\tex/latex/psnfss\t1pplx.fd
File: t1pplx.fd 2004/09/06 font definitions for T1/pplx.
)) (C:\Users\CarlosM\AppData\Roaming\MiKTeX\tex/latex/microtype\microtype.sty
Package: microtype 2021/03/14 v2.8c Micro-typographical refinements (RS)
\MT@toks=\toks16
\MT@count=\count271
LaTeX Info: Redefining \textls on input line 790.
\MT@outer@kern=\dimen141
LaTeX Info: Redefining \textmicrotypecontext on input line 1374.
\MT@listname@count=\count272
 (C:\Users\CarlosM\AppData\Roaming\MiKTeX\tex/latex/microtype\microtype-pdftex.def
File: microtype-pdftex.def 2021/03/14 v2.8c Definitions specific to pdftex (RS)
LaTeX Info: Redefining \lsstyle on input line 915.
LaTeX Info: Redefining \lslig on input line 915.
\MT@outer@space=\skip49
)
Package microtype Info: Loading configuration file microtype.cfg.
 (C:\Users\CarlosM\AppData\Roaming\MiKTeX\tex/latex/microtype\microtype.cfg
File: microtype.cfg 2021/03/14 v2.8c microtype main configuration file (RS)
)) (C:\Program Files\MiKTeX\tex/generic/babel\babel.sty
Package: babel 2021/01/26 3.53 The Babel package
 (C:\Program Files\MiKTeX\tex/generic/babel\babel.def
File: babel.def 2021/01/26 3.53 Babel common definitions
\babel@savecnt=\count273
\U@D=\dimen142
\l@babelnohyphens=\language79
 (C:\Program Files\MiKTeX\tex/generic/babel\txtbabel.def)
\bbl@readstream=\read2
)
\bbl@dirlevel=\count274

*************************************
* Local config file bblopts.cfg used
*
(C:\Program Files\MiKTeX\tex/latex/arabi\bblopts.cfg
File: bblopts.cfg 2005/09/08 v0.1 add Arabic and Farsi to "declared" options of babel
) (C:\Program Files\MiKTeX\tex/latex/babel-english\english.ldf
Language: english 2017/06/06 v3.3r English support from the babel system
Package babel Info: \l@canadian = using hyphenrules for english
(babel)             (\language0) on input line 102.
Package babel Info: \l@australian = using hyphenrules for ukenglish
(babel)             (\language73) on input line 105.
Package babel Info: \l@newzealand = using hyphenrules for ukenglish
(babel)             (\language73) on input line 108.
)) (C:\Users\CarlosM\AppData\Roaming\MiKTeX\tex/latex/geometry\geometry.sty
Package: geometry 2020/01/02 v5.9 Page Geometry
 (C:\Program Files\MiKTeX\tex/generic/iftex\ifvtex.sty
Package: ifvtex 2019/10/25 v1.7 ifvtex legacy package. Use iftex instead.
 (C:\Program Files\MiKTeX\tex/generic/iftex\iftex.sty
Package: iftex 2020/03/06 v1.0d TeX engine tests
))
\Gm@cnth=\count275
\Gm@cntv=\count276
\c@Gm@tempcnt=\count277
\Gm@bindingoffset=\dimen143
\Gm@wd@mp=\dimen144
\Gm@odd@mp=\dimen145
\Gm@even@mp=\dimen146
\Gm@layoutwidth=\dimen147
\Gm@layoutheight=\dimen148
\Gm@layouthoffset=\dimen149
\Gm@layoutvoffset=\dimen150
\Gm@dimlist=\toks17
 (C:\Users\CarlosM\AppData\Roaming\MiKTeX\tex/latex/geometry\geometry.cfg)) (C:\Users\CarlosM\AppData\Roaming\MiKTeX\tex/latex/caption\caption.sty
Package: caption 2020/10/26 v3.5g Customizing captions (AR)
 (C:\Users\CarlosM\AppData\Roaming\MiKTeX\tex/latex/caption\caption3.sty
Package: caption3 2020/10/21 v2.2e caption3 kernel (AR)
\captionmargin=\dimen151
\captionmargin@=\dimen152
\captionwidth=\dimen153
\caption@tempdima=\dimen154
\caption@indent=\dimen155
\caption@parindent=\dimen156
\caption@hangindent=\dimen157
Package caption Info: Standard document class detected.
)
\c@caption@flags=\count278
\c@continuedfloat=\count279
) (C:\Users\CarlosM\AppData\Roaming\MiKTeX\tex/latex/booktabs\booktabs.sty
Package: booktabs 2020/01/12 v1.61803398 Publication quality tables
\heavyrulewidth=\dimen158
\lightrulewidth=\dimen159
\cmidrulewidth=\dimen160
\belowrulesep=\dimen161
\belowbottomsep=\dimen162
\aboverulesep=\dimen163
\abovetopsep=\dimen164
\cmidrulesep=\dimen165
\cmidrulekern=\dimen166
\defaultaddspace=\dimen167
\@cmidla=\count280
\@cmidlb=\count281
\@aboverulesep=\dimen168
\@belowrulesep=\dimen169
\@thisruleclass=\count282
\@lastruleclass=\count283
\@thisrulewidth=\dimen170
) (C:\Users\CarlosM\AppData\Roaming\MiKTeX\tex/latex/lettrine\lettrine.sty
File: lettrine.sty 2020-03-14 v2.23 (Daniel Flipo)
 (C:\Users\CarlosM\AppData\Roaming\MiKTeX\tex/generic/minifp\minifp.sty
Package: minifp 2013/12/30 v0.96. Macros for real number operations and a stack-based programing language.
\MFP@loopctr=\count284
)
\c@DefaultLines=\count285
\c@DefaultDepth=\count286
\DefaultFindent=\dimen171
\DefaultNindent=\dimen172
\DefaultSlope=\dimen173
\DiscardVskip=\dimen174
\L@lbox=\box47
\L@tbox=\box48
\c@L@lines=\count287
\c@L@depth=\count288
\L@Pindent=\dimen175
\L@Findent=\dimen176
\L@Nindent=\dimen177
\L@lraise=\dimen178
\L@first=\dimen179
\L@next=\dimen180
\L@slope=\dimen181
\L@height=\dimen182
\L@novskip=\dimen183
\L@target@ht=\dimen184
\L@target@dp=\dimen185
\L@target@tht=\dimen186
\LettrineWidth=\dimen187
\LettrineHeight=\dimen188
\LettrineDepth=\dimen189
\Llist@everypar=\toks18

Loading lettrine.cfg
(C:\Users\CarlosM\AppData\Roaming\MiKTeX\tex/latex/lettrine\lettrine.cfg)) (C:\Users\CarlosM\AppData\Roaming\MiKTeX\tex/latex/enumitem\enumitem.sty
Package: enumitem 2019/06/20 v3.9 Customized lists
\labelindent=\skip50
\enit@outerparindent=\dimen190
\enit@toks=\toks19
\enit@inbox=\box49
\enit@count@id=\count289
\enitdp@description=\count290
) (C:\Users\CarlosM\AppData\Roaming\MiKTeX\tex/latex/abstract\abstract.sty
Package: abstract 2009/06/08 v1.2a configurable abstracts
\abstitleskip=\skip51
\absleftindent=\skip52
\absrightindent=\skip53
\absparindent=\skip54
\absparsep=\skip55
) (C:\Users\CarlosM\AppData\Roaming\MiKTeX\tex/latex/titlesec\titlesec.sty
Package: titlesec 2021/07/05 v2.14 Sectioning titles
\ttl@box=\box50
\beforetitleunit=\skip56
\aftertitleunit=\skip57
\ttl@plus=\dimen191
\ttl@minus=\dimen192
\ttl@toksa=\toks20
\titlewidth=\dimen193
\titlewidthlast=\dimen194
\titlewidthfirst=\dimen195
) (C:\Users\CarlosM\AppData\Roaming\MiKTeX\tex/latex/fancyhdr\fancyhdr.sty
Package: fancyhdr 2021/01/28 v4.0.1 Extensive control of page headers and footers
\f@nch@headwidth=\skip58
\f@nch@O@elh=\skip59
\f@nch@O@erh=\skip60
\f@nch@O@olh=\skip61
\f@nch@O@orh=\skip62
\f@nch@O@elf=\skip63
\f@nch@O@erf=\skip64
\f@nch@O@olf=\skip65
\f@nch@O@orf=\skip66
) (C:\Users\CarlosM\AppData\Roaming\MiKTeX\tex/latex/titling\titling.sty
Package: titling 2009/09/04 v2.1d maketitle typesetting
\thanksmarkwidth=\skip67
\thanksmargin=\skip68
\droptitle=\skip69
) (C:\Program Files\MiKTeX\tex/latex/hyperref\hyperref.sty
Package: hyperref 2021-02-10 v7.00j Hypertext links for LaTeX
 (C:\Users\CarlosM\AppData\Roaming\MiKTeX\tex/generic/ltxcmds\ltxcmds.sty
Package: ltxcmds 2020-05-10 v1.25 LaTeX kernel commands for general use (HO)
) (C:\Program Files\MiKTeX\tex/generic/pdftexcmds\pdftexcmds.sty
Package: pdftexcmds 2020-06-27 v0.33 Utility functions of pdfTeX for LuaTeX (HO)
 (C:\Users\CarlosM\AppData\Roaming\MiKTeX\tex/generic/infwarerr\infwarerr.sty
Package: infwarerr 2019/12/03 v1.5 Providing info/warning/error messages (HO)
)
Package pdftexcmds Info: \pdf@primitive is available.
Package pdftexcmds Info: \pdf@ifprimitive is available.
Package pdftexcmds Info: \pdfdraftmode found.
) (C:\Users\CarlosM\AppData\Roaming\MiKTeX\tex/generic/kvsetkeys\kvsetkeys.sty
Package: kvsetkeys 2019/12/15 v1.18 Key value parser (HO)
) (C:\Users\CarlosM\AppData\Roaming\MiKTeX\tex/generic/kvdefinekeys\kvdefinekeys.sty
Package: kvdefinekeys 2019-12-19 v1.6 Define keys (HO)
) (C:\Users\CarlosM\AppData\Roaming\MiKTeX\tex/generic/pdfescape\pdfescape.sty
Package: pdfescape 2019/12/09 v1.15 Implements pdfTeX's escape features (HO)
) (C:\Users\CarlosM\AppData\Roaming\MiKTeX\tex/latex/hycolor\hycolor.sty
Package: hycolor 2020-01-27 v1.10 Color options for hyperref/bookmark (HO)
) (C:\Users\CarlosM\AppData\Roaming\MiKTeX\tex/latex/letltxmacro\letltxmacro.sty
Package: letltxmacro 2019/12/03 v1.6 Let assignment for LaTeX macros (HO)
) (C:\Users\CarlosM\AppData\Roaming\MiKTeX\tex/latex/auxhook\auxhook.sty
Package: auxhook 2019-12-17 v1.6 Hooks for auxiliary files (HO)
) (C:\Users\CarlosM\AppData\Roaming\MiKTeX\tex/latex/kvoptions\kvoptions.sty
Package: kvoptions 2020-10-07 v3.14 Key value format for package options (HO)
)
\@linkdim=\dimen196
\Hy@linkcounter=\count291
\Hy@pagecounter=\count292
 (C:\Program Files\MiKTeX\tex/latex/hyperref\pd1enc.def
File: pd1enc.def 2021-02-10 v7.00j Hyperref: PDFDocEncoding definition (HO)
Now handling font encoding PD1 ...
... no UTF-8 mapping file for font encoding PD1
) (C:\Program Files\MiKTeX\tex/latex/hyperref\hyperref-langpatches.def
File: hyperref-langpatches.def 2021-02-10 v7.00j Hyperref: patches for babel languages
) (C:\Users\CarlosM\AppData\Roaming\MiKTeX\tex/generic/intcalc\intcalc.sty
Package: intcalc 2019/12/15 v1.3 Expandable calculations with integers (HO)
) (C:\Users\CarlosM\AppData\Roaming\MiKTeX\tex/generic/etexcmds\etexcmds.sty
Package: etexcmds 2019/12/15 v1.7 Avoid name clashes with e-TeX commands (HO)
)
\Hy@SavedSpaceFactor=\count293
 (C:\Program Files\MiKTeX\tex/latex/hyperref\puenc.def
File: puenc.def 2021-02-10 v7.00j Hyperref: PDF Unicode definition (HO)
Now handling font encoding PU ...
... no UTF-8 mapping file for font encoding PU
)
Package hyperref Info: Hyper figures OFF on input line 4192.
Package hyperref Info: Link nesting OFF on input line 4197.
Package hyperref Info: Hyper index ON on input line 4200.
Package hyperref Info: Plain pages OFF on input line 4207.
Package hyperref Info: Backreferencing OFF on input line 4212.
Package hyperref Info: Implicit mode ON; LaTeX internals redefined.
Package hyperref Info: Bookmarks ON on input line 4445.
\c@Hy@tempcnt=\count294
 (C:\Program Files\MiKTeX\tex/latex/url\url.sty
\Urlmuskip=\muskip16
Package: url 2013/09/16  ver 3.4  Verb mode for urls, etc.
)
LaTeX Info: Redefining \url on input line 4804.
\XeTeXLinkMargin=\dimen197
 (C:\Users\CarlosM\AppData\Roaming\MiKTeX\tex/generic/bitset\bitset.sty
Package: bitset 2019/12/09 v1.3 Handle bit-vector datatype (HO)
 (C:\Users\CarlosM\AppData\Roaming\MiKTeX\tex/generic/bigintcalc\bigintcalc.sty
Package: bigintcalc 2019/12/15 v1.5 Expandable calculations on big integers (HO)
))
\Fld@menulength=\count295
\Field@Width=\dimen198
\Fld@charsize=\dimen199
Package hyperref Info: Hyper figures OFF on input line 6075.
Package hyperref Info: Link nesting OFF on input line 6080.
Package hyperref Info: Hyper index ON on input line 6083.
Package hyperref Info: backreferencing OFF on input line 6090.
Package hyperref Info: Link coloring OFF on input line 6095.
Package hyperref Info: Link coloring with OCG OFF on input line 6100.
Package hyperref Info: PDF/A mode OFF on input line 6105.
LaTeX Info: Redefining \ref on input line 6145.
LaTeX Info: Redefining \pageref on input line 6149.
 (C:\Program Files\MiKTeX\tex/latex/base\atbegshi-ltx.sty
Package: atbegshi-ltx 2020/08/17 v1.0a Emulation of the original atbegshi package
with kernel methods
)
\Hy@abspage=\count296
\c@Item=\count297
\c@Hfootnote=\count298
)
Package hyperref Info: Driver (autodetected): hpdftex.
 (C:\Program Files\MiKTeX\tex/latex/hyperref\hpdftex.def
File: hpdftex.def 2021-02-10 v7.00j Hyperref driver for pdfTeX
 (C:\Program Files\MiKTeX\tex/latex/base\atveryend-ltx.sty
Package: atveryend-ltx 2020/08/19 v1.0a Emulation of the original atvery package
with kernel methods
)
\Fld@listcount=\count299
\c@bookmark@seq@number=\count300
 (C:\Users\CarlosM\AppData\Roaming\MiKTeX\tex/latex/rerunfilecheck\rerunfilecheck.sty
Package: rerunfilecheck 2019/12/05 v1.9 Rerun checks for auxiliary files (HO)
 (C:\Users\CarlosM\AppData\Roaming\MiKTeX\tex/generic/uniquecounter\uniquecounter.sty
Package: uniquecounter 2019/12/15 v1.4 Provide unlimited unique counter (HO)
)
Package uniquecounter Info: New unique counter `rerunfilecheck' on input line 286.
)
\Hy@SectionHShift=\skip70
) (C:\Program Files\MiKTeX\tex/latex/l3backend\l3backend-pdftex.def
File: l3backend-pdftex.def 2021-02-18 L3 backend support: PDF output (pdfTeX)
\l__color_backend_stack_int=\count301
\l__pdf_internal_box=\box51
) (c:/Users\CarlosM\Desktop\Inteligencia de Negocios\III UNIDAD\TrabajoGrupal_Mlops\build\MLops.aux

LaTeX Warning: Label `FRE2016' multiply defined.


LaTeX Warning: Label `FRE2019' multiply defined.


LaTeX Warning: Label `FRE2018' multiply defined.


LaTeX Warning: Label `FRE2018' multiply defined.


LaTeX Warning: Label `FRE2018' multiply defined.


LaTeX Warning: Label `FRE2018' multiply defined.

)
\openout1 = `MLops.aux'.

LaTeX Font Info:    Checking defaults for OML/cmm/m/it on input line 54.
LaTeX Font Info:    ... okay on input line 54.
LaTeX Font Info:    Checking defaults for OMS/cmsy/m/n on input line 54.
LaTeX Font Info:    ... okay on input line 54.
LaTeX Font Info:    Checking defaults for OT1/cmr/m/n on input line 54.
LaTeX Font Info:    ... okay on input line 54.
LaTeX Font Info:    Checking defaults for T1/cmr/m/n on input line 54.
LaTeX Font Info:    ... okay on input line 54.
LaTeX Font Info:    Checking defaults for TS1/cmr/m/n on input line 54.
LaTeX Font Info:    ... okay on input line 54.
LaTeX Font Info:    Checking defaults for OMX/cmex/m/n on input line 54.
LaTeX Font Info:    ... okay on input line 54.
LaTeX Font Info:    Checking defaults for U/cmr/m/n on input line 54.
LaTeX Font Info:    ... okay on input line 54.
LaTeX Font Info:    Checking defaults for PD1/pdf/m/n on input line 54.
LaTeX Font Info:    ... okay on input line 54.
LaTeX Font Info:    Checking defaults for PU/pdf/m/n on input line 54.
LaTeX Font Info:    ... okay on input line 54.
 (C:\Program Files\MiKTeX\tex/context/base/mkii\supp-pdf.mkii
[Loading MPS to PDF converter (version 2006.09.02).]
\scratchcounter=\count302
\scratchdimen=\dimen256
\scratchbox=\box52
\nofMPsegments=\count303
\nofMParguments=\count304
\everyMPshowfont=\toks21
\MPscratchCnt=\count305
\MPscratchDim=\dimen257
\MPnumerator=\count306
\makeMPintoPDFobject=\count307
\everyMPtoPDFconversion=\toks22
) (C:\Program Files\MiKTeX\tex/latex/epstopdf-pkg\epstopdf-base.sty
Package: epstopdf-base 2020-01-24 v2.11 Base part for package epstopdf
Package epstopdf-base Info: Redefining graphics rule for `.eps' on input line 485.
)
\big@size=\dimen258
LaTeX Info: Redefining \microtypecontext on input line 54.
Package microtype Info: Generating PDF output.
Package microtype Info: Character protrusion enabled (level 2).
Package microtype Info: Using default protrusion set `alltext'.
Package microtype Info: Automatic font expansion enabled (level 2),
(microtype)             stretch: 20, shrink: 20, step: 1, non-selected.
Package microtype Info: Using default expansion set `alltext-nott'.
LaTeX Info: Redefining \showhyphens on input line 54.
Package microtype Info: No adjustment of tracking.
Package microtype Info: No adjustment of interword spacing.
Package microtype Info: No adjustment of character kerning.
 (C:\Users\CarlosM\AppData\Roaming\MiKTeX\tex/latex/microtype\mt-ppl.cfg
File: mt-ppl.cfg 2005/11/16 v1.6 microtype config. file: Palatino (RS)
)
*geometry* driver: auto-detecting
*geometry* detected driver: pdftex
*geometry* verbose mode - [ preamble ] result:
* driver: pdftex
* paper: <default>
* layout: <same size as paper>
* layoutoffset:(h,v)=(0.0pt,0.0pt)
* hratio: 1:1
* modes: twoside 
* h-part:(L,W,R)=(92.14519pt, 430.00462pt, 92.14519pt)
* v-part:(T,H,B)=(91.04881pt, 608.5238pt, 95.39737pt)
* \paperwidth=614.295pt
* \paperheight=794.96999pt
* \textwidth=430.00462pt
* \textheight=608.5238pt
* \oddsidemargin=19.8752pt
* \evensidemargin=19.8752pt
* \topmargin=-18.22118pt
* \headheight=12.0pt
* \headsep=25.0pt
* \topskip=10.0pt
* \footskip=30.0pt
* \marginparwidth=48.0pt
* \marginparsep=10.0pt
* \columnsep=20.0pt
* \skip\footins=9.0pt plus 4.0pt minus 2.0pt
* \hoffset=0.0pt
* \voffset=0.0pt
* \mag=1000
* \@twocolumntrue
* \@twosidetrue
* \@mparswitchtrue
* \@reversemarginfalse
* (1in=72.27pt=25.4mm, 1cm=28.453pt)

Package caption Info: Begin \AtBeginDocument code.
Package caption Info: hyperref package is loaded.
Package caption Info: End \AtBeginDocument code.
Package hyperref Info: Link coloring OFF on input line 54.
(C:\Program Files\MiKTeX\tex/latex/hyperref\nameref.sty
Package: nameref 2021-04-02 v2.47 Cross-referencing by name of section
 (C:\Users\CarlosM\AppData\Roaming\MiKTeX\tex/latex/refcount\refcount.sty
Package: refcount 2019/12/15 v3.6 Data extraction from label references (HO)
) (C:\Users\CarlosM\AppData\Roaming\MiKTeX\tex/generic/gettitlestring\gettitlestring.sty
Package: gettitlestring 2019/12/15 v1.6 Cleanup title references (HO)
)
\c@section@level=\count308
)
LaTeX Info: Redefining \ref on input line 54.
LaTeX Info: Redefining \pageref on input line 54.
LaTeX Info: Redefining \nameref on input line 54.
 (c:/Users\CarlosM\Desktop\Inteligencia de Negocios\III UNIDAD\TrabajoGrupal_Mlops\build\MLops.out) (c:/Users\CarlosM\Desktop\Inteligencia de Negocios\III UNIDAD\TrabajoGrupal_Mlops\build\MLops.out)
\@outlinefile=\write3
\openout3 = `MLops.out'.

<imagenes/logo.png, id=83, 149.05687pt x 185.19188pt>
File: imagenes/logo.png Graphic file (type png)
<use imagenes/logo.png>
Package pdftex.def Info: imagenes/logo.png  used on input line 61.
(pdftex.def)             Requested size: 142.26378pt x 176.76205pt.
 [1


{C:/Users/CarlosM/AppData/Local/MiKTeX/pdftex/config/pdftex.map} <./imagenes/logo.png>]
LaTeX Font Info:    Trying to load font information for OT1+pplx on input line 139.
 (C:\Users\CarlosM\AppData\Roaming\MiKTeX\tex/latex/psnfss\ot1pplx.fd
File: ot1pplx.fd 2004/09/06 font definitions for OT1/pplx.
)
LaTeX Font Info:    Trying to load font information for OML+zplm on input line 139.
 (C:\Users\CarlosM\AppData\Roaming\MiKTeX\tex/latex/psnfss\omlzplm.fd
File: omlzplm.fd 2002/09/08 Fontinst v1.914 font definitions for OML/zplm.
)
LaTeX Font Info:    Trying to load font information for OMS+zplm on input line 139.
 (C:\Users\CarlosM\AppData\Roaming\MiKTeX\tex/latex/psnfss\omszplm.fd
File: omszplm.fd 2002/09/08 Fontinst v1.914 font definitions for OMS/zplm.
)
LaTeX Font Info:    Trying to load font information for OMX+zplm on input line 139.
 (C:\Users\CarlosM\AppData\Roaming\MiKTeX\tex/latex/psnfss\omxzplm.fd
File: omxzplm.fd 2002/09/08 Fontinst v1.914 font definitions for OMX/zplm.
)
LaTeX Font Info:    Trying to load font information for OT1+zplm on input line 139.
 (C:\Users\CarlosM\AppData\Roaming\MiKTeX\tex/latex/psnfss\ot1zplm.fd
File: ot1zplm.fd 2002/09/08 Fontinst v1.914 font definitions for OT1/zplm.
)
Package microtype Info: Loading generic protrusion settings for font family
(microtype)             `zplm' (encoding: OT1).
(microtype)             For optimal results, create family-specific settings.
(microtype)             See the microtype manual for details.


LaTeX Warning: No \author given.

Package microtype Info: Character `029' is missing
(microtype)             in font `T1/pplx/m/sc/12'.
(microtype)             Ignoring protrusion settings for this character.

Underfull \hbox (badness 4096) in paragraph at lines 145--159
\T1/pplx/m/n/10 (+20) Machine Learn-ing Model Op-er-a-tional-iza-
 []


Underfull \hbox (badness 1158) in paragraph at lines 162--180
\T1/pplx/m/n/10 (+20) Man-age-ment (MLOps) con-sti-tutes a work
 []


Underfull \vbox (badness 10000) has occurred while \output is active []

 [2


]
LaTeX Font Info:    Trying to load font information for TS1+pplx on input line 229.
 (C:\Users\CarlosM\AppData\Roaming\MiKTeX\tex/latex/psnfss\ts1pplx.fd
File: ts1pplx.fd 2004/09/06 font definitions for TS1/pplx.
)
<imagenes/imagen1.png, id=97, 534.49687pt x 155.83218pt>
File: imagenes/imagen1.png Graphic file (type png)
<use imagenes/imagen1.png>
Package pdftex.def Info: imagenes/imagen1.png  used on input line 245.
(pdftex.def)             Requested size: 199.16928pt x 58.06836pt.

Overfull \hbox (4.16699pt too wide) in paragraph at lines 245--246
[][] 
 []

[3 <./imagenes/imagen1.png>]
Underfull \hbox (badness 3271) in paragraph at lines 271--272
[]\T1/pplx/m/n/10 (+20) Automatizacion de canal-iza-ciones de
 []


Underfull \hbox (badness 10000) in paragraph at lines 272--273
[]\T1/pplx/m/n/10 (+20) Automatizacion de canal-iza-cion de
 []

[4]
<imagenes/imagen2.png, id=111, 556.32843pt x 237.88875pt>
File: imagenes/imagen2.png Graphic file (type png)
<use imagenes/imagen2.png>
Package pdftex.def Info: imagenes/imagen2.png  used on input line 327.
(pdftex.def)             Requested size: 199.16928pt x 85.16435pt.

Underfull \hbox (badness 10000) in paragraph at lines 327--331
[]
 []


Underfull \hbox (badness 2080) in paragraph at lines 327--331
\T1/pplx/m/n/10 (+20) en dis-tin-tos for-matos, por lo qu eestan
 []


Underfull \vbox (badness 10000) has occurred while \output is active []

<imagenes/imagen3.png, id=112, 557.83406pt x 298.11375pt>
File: imagenes/imagen3.png Graphic file (type png)
<use imagenes/imagen3.png>
Package pdftex.def Info: imagenes/imagen3.png  used on input line 335.
(pdftex.def)             Requested size: 199.16928pt x 106.43839pt.

Underfull \hbox (badness 1005) in paragraph at lines 333--336
\T1/pplx/m/n/10 (+20) a-grama sigu-iente se mues-tra el re-sul-tado
 []


Underfull \hbox (badness 1596) in paragraph at lines 333--336
\T1/pplx/m/n/10 (+20) fi-nal del pro-ceso de toma de de-ci-siones
 []


Underfull \hbox (badness 2799) in paragraph at lines 333--336
\T1/pplx/m/n/10 (+20) que se de-scribe en Guia para la toma
 []

[5 <./imagenes/imagen2.png> <./imagenes/imagen3.png>]
<imagenes/imagen4.png, id=119, 551.05875pt x 487.06969pt>
File: imagenes/imagen4.png Graphic file (type png)
<use imagenes/imagen4.png>
Package pdftex.def Info: imagenes/imagen4.png  used on input line 343.
(pdftex.def)             Requested size: 199.16928pt x 176.04356pt.

Overfull \hbox (4.16699pt too wide) in paragraph at lines 343--344
[][] 
 []


Underfull \hbox (badness 10000) in paragraph at lines 367--368
[]\T1/pplx/m/n/10 (+20) Ng, A. (n.d.). MLOps: From
 []


Underfull \hbox (badness 10000) in paragraph at lines 367--368
\T1/pplx/m/n/10 (+20) Model-centric to Data-centric AI.
 []


Underfull \hbox (badness 10000) in paragraph at lines 367--368
\T1/pplx/m/n/10 (+20) https://www.deeplearning.ai/wp-
 []


Underfull \hbox (badness 10000) in paragraph at lines 367--368
\T1/pplx/m/n/10 (+20) content/uploads/2021/06/MLOps-From-
 []


Overfull \hbox (50.10414pt too wide) in paragraph at lines 369--370
\T1/pplx/m/n/10 (-20) https://itlligenze.com/uploads/5/137039/files/oreilly-
 []


Underfull \hbox (badness 4505) in paragraph at lines 371--372
[]\T1/pplx/m/n/10 (+20) Kirenz, J., Gröger, C., and Lutsch,
 []


Underfull \hbox (badness 1087) in paragraph at lines 371--372
\T1/pplx/m/n/10 (+20) A. (n.d.). Re-trieved July 4, 2022, from
 []


Underfull \hbox (badness 10000) in paragraph at lines 371--372
\T1/pplx/m/n/10 (+20) https://www.kirenz.com/slides/data-
 []


Underfull \hbox (badness 3375) in paragraph at lines 373--374
[]\T1/pplx/m/n/10 (+20) Georgios Syme-oni-dis, Evan-ge-los Ner-
 []


Underfull \hbox (badness 3514) in paragraph at lines 373--374
\T1/pplx/m/n/10 (+20) (2022). MLOps Def-i-ni-tions, Tools and
 []


Underfull \hbox (badness 10000) in paragraph at lines 373--374
\T1/pplx/m/n/10 (+20) Chal-lenges Re-search-Gate un-known
 []


Overfull \hbox (213.16081pt too wide) in paragraph at lines 373--374
\T1/pplx/m/n/10 (-20) https://www.researchgate.net/publication/357552787MLOpsDefinitionsToolsandChallenges 
 []


Underfull \hbox (badness 4479) in paragraph at lines 378--379
[]\T1/pplx/m/n/10 (+20) Por, R., Valder-rama, P., Tu-tor-izado,
 []


Underfull \hbox (badness 4967) in paragraph at lines 378--379
\T1/pplx/m/n/10 (+20) para el de-sar-rollo y puesta en pro-
 []


Overfull \hbox (133.98749pt too wide) in paragraph at lines 378--379
\T1/pplx/m/n/10 (-20) https://riuma.uma.es/xmlui/bitstream/handle/10630/23550/Valderrama 
 []


Underfull \hbox (badness 10000) in paragraph at lines 381--382
[]\T1/pplx/m/n/10 (+20) MLOPS (2022). MLOps Prin-ci-ples
 []


Underfull \hbox (badness 10000) in paragraph at lines 381--382
\T1/pplx/m/n/10 (+20) https://ml-ops.org/content/mlops-
 []


Underfull \hbox (badness 10000) in paragraph at lines 384--385
[]\T1/pplx/m/n/10 (+20) MLOps Work-load Or-ches-tra-
 []


Underfull \hbox (badness 10000) in paragraph at lines 384--385
\T1/pplx/m/n/10 (+20) tor Im-ple-men-ta-tion Guide. (n.d.).
 []


Underfull \hbox (badness 10000) in paragraph at lines 384--385
\T1/pplx/m/n/10 (+20) Re-trieved July 4, 2022, from
 []


Overfull \hbox (48.77487pt too wide) in paragraph at lines 384--385
\T1/pplx/m/n/10 (-20) https://docs.aws.amazon.com/solutions/latest/mlops-
 []


Underfull \hbox (badness 10000) in paragraph at lines 384--385
\T1/pplx/m/n/10 (+20) workload-orchestrator/mlops-workload-
 []


Underfull \hbox (badness 10000) in paragraph at lines 386--387
[]\T1/pplx/m/n/10 (+20) MLOps: Con-tin-u-ous De-liv-ery for
 []


Underfull \hbox (badness 10000) in paragraph at lines 386--387
\T1/pplx/m/n/10 (+20) Ma-chine Learn-ing on AWS. (2020).
 []


Overfull \hbox (11.17238pt too wide) in paragraph at lines 386--387
\T1/pplx/m/n/10 (-20) https://d1.awsstatic.com/whitepapers/mlops-
 []


Underfull \hbox (badness 10000) in paragraph at lines 386--387
\T1/pplx/m/n/10 (+20) continuous-delivery-machine-learning-on-
 []


Underfull \hbox (badness 1466) in paragraph at lines 388--389
[]\T1/pplx/m/n/10 (+20) Kirenz, J., Gröger, C., y Lutsch, A.
 []


Underfull \hbox (badness 6412) in paragraph at lines 388--389
\T1/pplx/m/n/10 (+20) (n.d.). Re-trieved July 4, 2022, from
 []


Underfull \hbox (badness 10000) in paragraph at lines 388--389
\T1/pplx/m/n/10 (+20) https://www.kirenz.com/slides/data-
 []

[6pdfTeX warning (ext4): destination with the same identifier (name{cite.FRE2016}) has been already used, duplicate ignored
<argument> ...shipout:D \box_use:N \l_shipout_box 
                                                  
l.396 \end{document}
                    pdfTeX warning (ext4): destination with the same identifier (name{cite.FRE2019}) has been already used, duplicate ignored
<argument> ...shipout:D \box_use:N \l_shipout_box 
                                                  
l.396 \end{document}
                    pdfTeX warning (ext4): destination with the same identifier (name{cite.FRE2018}) has been already used, duplicate ignored
<argument> ...shipout:D \box_use:N \l_shipout_box 
                                                  
l.396 \end{document}
                    pdfTeX warning (ext4): destination with the same identifier (name{cite.FRE2018}) has been already used, duplicate ignored
<argument> ...shipout:D \box_use:N \l_shipout_box 
                                                  
l.396 \end{document}
                    pdfTeX warning (ext4): destination with the same identifier (name{cite.FRE2018}) has been already used, duplicate ignored
<argument> ...shipout:D \box_use:N \l_shipout_box 
                                                  
l.396 \end{document}
                    pdfTeX warning (ext4): destination with the same identifier (name{cite.FRE2018}) has been already used, duplicate ignored
<argument> ...shipout:D \box_use:N \l_shipout_box 
                                                  
l.396 \end{document}
                     <./imagenes/imagen4.png>] (c:/Users\CarlosM\Desktop\Inteligencia de Negocios\III UNIDAD\TrabajoGrupal_Mlops\build\MLops.aux)

LaTeX Warning: There were multiply-defined labels.

Package rerunfilecheck Info: File `MLops.out' has not changed.
(rerunfilecheck)             Checksum: DF9AB25DFC7921BB0C5B149D5253AC50;2752.
 ) 
Here is how much of TeX's memory you used:
 13923 strings out of 479334
 215097 string characters out of 2866955
 567717 words of memory out of 3000000
 30867 multiletter control sequences out of 15000+200000
 449396 words of font info for 254 fonts, out of 3000000 for 9000
 1141 hyphenation exceptions out of 8191
 71i,14n,74p,1033b,464s stack positions out of 5000i,500n,10000p,200000b,50000s
{C:/Program Files/MiKTeX/fonts/enc/dvips/base/8r.enc}<C:/Program Files/MiKTeX/fonts/type1/public/amsfonts/cm/cmsy10.pfb><C:/Users/CarlosM/AppData/Roaming/MiKTeX/fonts/type1/public/fpl/fplrc8a.pfb><C:/Program Files/MiKTeX/fonts/type1/urw/palatino/uplb8a.pfb><C:/Program Files/MiKTeX/fonts/type1/urw/palatino/uplr8a.pfb>
Output written on "c:/Users\CarlosM\Desktop\Inteligencia de Negocios\III UNIDAD\TrabajoGrupal_Mlops\build\MLops.pdf" (6 pages, 542890 bytes).
PDF statistics:
 152 PDF objects out of 1000 (max. 8388607)
 34 named destinations out of 1000 (max. 500000)
 60602 words of extra memory for PDF output out of 61914 (max. 10000000)

